<?xml version="1.0" encoding="UTF-8"?>
<!-- Generated by org.testng.reporters.JUnitReportReporter -->
<testsuite hostname="DESKTOP-77MDJU5" failures="0" tests="3" name="magentoTest.testmagentotask" time="33.196" errors="0" timestamp="2024-03-19T18:26:37 EET" skipped="0">
  <testcase classname="magentoTest.testmagentotask" name="test" time="13.003"/>
  <system-out/>
  <testcase classname="magentoTest.testmagentotask" name="test" time="10.053"/>
  <system-out/>
  <testcase classname="magentoTest.testmagentotask" name="test" time="10.140"/>
  <system-out/>
</testsuite> <!-- magentoTest.testmagentotask -->
